生成启动时间为 2021/3/9 22:27:19。
     1>项目“E:\初编程\test 3 9\test 3 9\test 3 9.vcxproj”在节点 2 上(build 个目标)。
     1>InitializeBuildStatus:
         正在对“Debug\test 3 9.unsuccessfulbuild”执行 Touch 任务。
       ClCompile:
         所有输出均为最新。
       Link:
         C:\Program Files (x86)\Microsoft Visual Studio 10.0\VC\bin\link.exe /ERRORREPORT:PROMPT /OUT:"E:\初编程\test 3 9\Debug\test 3 9.exe" /NOLOGO kernel32.lib user32.lib gdi32.lib winspool.lib comdlg32.lib advapi32.lib shell32.lib ole32.lib oleaut32.lib uuid.lib odbc32.lib odbccp32.lib /MANIFEST /ManifestFile:"Debug\test 3 9.exe.intermediate.manifest" /MANIFESTUAC:"level='asInvoker' uiAccess='false'" /DEBUG /PDB:"E:\初编程\test 3 9\Debug\test 3 9.pdb" /SUBSYSTEM:CONSOLE /TLBID:1 /DYNAMICBASE /NXCOMPAT /IMPLIB:"E:\初编程\test 3 9\Debug\test 3 9.lib" /MACHINE:X86 Debug\test.obj
     1>MSVCRTD.lib(crtexe.obj) : error LNK2019: 无法解析的外部符号 _main，该符号在函数 ___tmainCRTStartup 中被引用
     1>E:\初编程\test 3 9\Debug\test 3 9.exe : fatal error LNK1120: 1 个无法解析的外部命令
     1>已完成生成项目“E:\初编程\test 3 9\test 3 9\test 3 9.vcxproj”(build 个目标)的操作 - 失败。

生成失败。

已用时间 00:00:00.15
